2025-09-23 17:22:42,857 - INFO - --- Article Collector Script Start ---
2025-09-23 17:22:42,857 - INFO - Targeting specific topic ID: 39
2025-09-23 17:22:42,925 - INFO - DB connected successfully.
2025-09-23 17:22:42,929 - INFO - Topic 39 status updated to 'collecting'.
2025-09-23 17:22:42,930 - INFO - Found 1 published topics. Starting article collection...
2025-09-23 17:22:57,335 - INFO - Use pytorch device_name: cpu
2025-09-23 17:22:57,335 - INFO - Load pretrained SentenceTransformer: intfloat/multilingual-e5-base
2025-09-23 17:23:30,485 - INFO - Processing topic: '±Ë¡§¿∫ ∫Ò«Ÿ»≠' (ID #39)
2025-09-23 17:23:30,576 - INFO - Found articles: Left 10, Right 10. Saving to DB...
2025-09-23 17:23:30,594 - INFO - Topic ID #39 articles saved and status updated to 'completed'.
2025-09-23 17:23:30,597 - INFO - DB connection closed.
2025-09-23 17:23:30,597 - INFO - --- Article Collector Script End ---
2025-09-23 17:30:58,609 - INFO - --- Article Collector Script Start ---
2025-09-23 17:30:58,609 - INFO - Targeting specific topic ID: 25
2025-09-23 17:30:58,635 - INFO - DB connected successfully.
2025-09-23 17:30:58,637 - INFO - Topic 25 status updated to 'collecting'.
2025-09-23 17:30:58,638 - INFO - Found 1 published topics. Starting article collection...
2025-09-23 17:31:11,645 - INFO - Use pytorch device_name: cpu
2025-09-23 17:31:11,645 - INFO - Load pretrained SentenceTransformer: intfloat/multilingual-e5-base
2025-09-23 17:31:42,576 - INFO - Processing topic: '≈Î»≠Ω∫øÕ«¡' (ID #25)
2025-09-23 17:31:42,649 - INFO - Found articles: Left 10, Right 10. Saving to DB...
2025-09-23 17:31:42,677 - INFO - Topic ID #25 articles saved and status updated to 'completed'.
2025-09-23 17:31:42,679 - INFO - DB connection closed.
2025-09-23 17:31:42,679 - INFO - --- Article Collector Script End ---
2025-09-25 13:29:22,078 [INFO] --- Article Collector (final) ---
2025-09-25 13:29:22,106 [INFO] All done in 0.0s
2025-09-25 13:32:23,410 [INFO] --- Article Collector (final) ---
2025-09-25 13:32:23,446 [INFO] DB connected.
2025-09-25 13:32:23,449 [INFO] ‚ñ∂ Collect for topic #44 'ÌÜµÌôîÏä§ÏôÄÌîÑ'
2025-09-25 13:32:34,347 [INFO] Use pytorch device_name: cpu
2025-09-25 13:32:34,347 [INFO] Load pretrained SentenceTransformer: intfloat/multilingual-e5-base
2025-09-25 13:32:59,572 [INFO] ‚úì Topic #44 done: LEFT 10 / RIGHT 10 (scanned 20)
2025-09-25 13:32:59,574 [INFO] All done in 36.2s
2025-09-25 13:45:40,725 [INFO] --- Article Collector (final) ---
2025-09-25 13:45:40,750 [INFO] DB connected.
2025-09-25 13:45:40,751 [INFO] ‚ñ∂ Collect for topic #47 'Ìï¥ÌÇπ'
2025-09-25 13:45:52,481 [INFO] Use pytorch device_name: cpu
2025-09-25 13:45:52,481 [INFO] Load pretrained SentenceTransformer: intfloat/multilingual-e5-base
2025-09-25 13:46:14,949 [INFO]   ‚Ü≥ Existing: L=0, R=0. Needed: L=10, R=10
2025-09-25 13:46:16,347 [INFO] ‚úì Topic #47 done: LEFT 10 / RIGHT 10 (scanned 25)
2025-09-25 13:46:16,350 [INFO] All done in 35.6s
2025-09-25 13:49:56,511 [INFO] --- Article Collector (final) ---
2025-09-25 13:49:56,543 [INFO] DB connected.
2025-09-25 13:49:56,543 [INFO] ‚ñ∂ Collect for topic #47 'Ìï¥ÌÇπ'
2025-09-25 13:50:05,770 [INFO] Use pytorch device_name: cpu
2025-09-25 13:50:05,770 [INFO] Load pretrained SentenceTransformer: intfloat/multilingual-e5-base
2025-09-25 13:50:28,390 [INFO]   ‚Ü≥ Existing: L=7, R=2. Needed: L=3, R=8
2025-09-25 13:50:29,958 [INFO] ‚úì Topic #47 done: LEFT 3 / RIGHT 8 (scanned 15)
2025-09-25 13:50:29,960 [INFO] All done in 33.4s
2025-09-25 13:51:27,139 [INFO] --- Article Collector (final) ---
2025-09-25 13:51:27,172 [INFO] DB connected.
2025-09-25 13:51:27,172 [INFO] ‚ñ∂ Collect for topic #47 'Ìï¥ÌÇπ'
2025-09-25 13:51:33,824 [INFO] Use pytorch device_name: cpu
2025-09-25 13:51:33,824 [INFO] Load pretrained SentenceTransformer: intfloat/multilingual-e5-base
2025-09-25 13:52:01,229 [INFO]   ‚Ü≥ Existing: L=8, R=5. Needed: L=2, R=5
2025-09-25 13:52:04,948 [INFO] ‚úì Topic #47 done: LEFT 2 / RIGHT 5 (scanned 9)
2025-09-25 13:52:04,948 [INFO] All done in 37.8s
2025-09-25 15:17:38,289 [INFO] --- Article Collector (final) ---
2025-09-25 15:17:38,407 [INFO] DB connected.
2025-09-25 15:17:38,409 [INFO] ‚ñ∂ Collect for topic #44 'ÌÜµÌôîÏä§ÏôÄÌîÑ'
2025-09-25 15:17:56,109 [INFO] Use pytorch device_name: cpu
2025-09-25 15:17:56,110 [INFO] Load pretrained SentenceTransformer: intfloat/multilingual-e5-base
2025-09-25 15:18:24,625 [INFO]   ‚Ü≥ Existing: L=6, R=8. Needed: L=4, R=2
2025-09-25 15:18:24,936 [INFO] ‚úì Topic #44 done: LEFT 0 / RIGHT 2 (scanned 2)
2025-09-25 15:18:24,938 [INFO] All done in 46.6s
2025-09-26 09:11:21,338 [INFO] --- Article Collector (final) ---
2025-09-26 09:11:21,471 [INFO] DB connected.
2025-09-26 09:11:21,473 [INFO] ‚ñ∂ Collect for topic #22 'Ï†ïÏ≤≠Îûò'
2025-09-26 09:11:33,796 [ERROR] Topic #22 failed: multiple repeat at position 15
Traceback (most recent call last):
  File "C:\Users\RST\.vscode\different-news\different_news_data\article_collector.py", line 491, in main
    collect_for_topic(cnx, t, deadline_ts)
  File "C:\Users\RST\.vscode\different-news\different_news_data\article_collector.py", line 383, in collect_for_topic
    articles = pull_feeds()
               ^^^^^^^^^^^^
  File "C:\Users\RST\.vscode\different-news\different_news_data\article_collector.py", line 298, in pull_feeds
    title = clean_title_for_source(raw_title, f.source_domain)
            ^^^^^^^^^^^^^^^^^^^^^^^^^^^^^^^^^^^^^^^^^^^^^^^^^^
  File "C:\Users\RST\.vscode\different-news\different_news_data\article_collector.py", line 211, in clean_title_for_source
    return re.sub(r"\s*[\-\?\?]\s*????\s*$", "", title)
           ^^^^^^^^^^^^^^^^^^^^^^^^^^^^^^^^^^^^^^^^^^^^
  File "C:\Users\RST\anaconda3\envs\diffnews\Lib\re\__init__.py", line 185, in sub
    return _compile(pattern, flags).sub(repl, string, count)
           ^^^^^^^^^^^^^^^^^^^^^^^^
  File "C:\Users\RST\anaconda3\envs\diffnews\Lib\re\__init__.py", line 294, in _compile
    p = _compiler.compile(pattern, flags)
        ^^^^^^^^^^^^^^^^^^^^^^^^^^^^^^^^^
  File "C:\Users\RST\anaconda3\envs\diffnews\Lib\re\_compiler.py", line 745, in compile
    p = _parser.parse(p, flags)
        ^^^^^^^^^^^^^^^^^^^^^^^
  File "C:\Users\RST\anaconda3\envs\diffnews\Lib\re\_parser.py", line 989, in parse
    p = _parse_sub(source, state, flags & SRE_FLAG_VERBOSE, 0)
        ^^^^^^^^^^^^^^^^^^^^^^^^^^^^^^^^^^^^^^^^^^^^^^^^^^^^^^
  File "C:\Users\RST\anaconda3\envs\diffnews\Lib\re\_parser.py", line 464, in _parse_sub
    itemsappend(_parse(source, state, verbose, nested + 1,
                ^^^^^^^^^^^^^^^^^^^^^^^^^^^^^^^^^^^^^^^^^^
  File "C:\Users\RST\anaconda3\envs\diffnews\Lib\re\_parser.py", line 694, in _parse
    raise source.error("multiple repeat",
re.error: multiple repeat at position 15
2025-09-26 09:11:33,810 [INFO] All done in 12.5s
2025-09-26 09:23:50,076 [INFO] --- Article Collector (final) ---
2025-09-26 09:23:50,101 [INFO] DB connected.
2025-09-26 09:23:50,102 [INFO] ‚ñ∂ Collect for topic #22 'Ï†ïÏ≤≠Îûò'
2025-09-26 09:24:04,248 [ERROR] Topic #22 failed: multiple repeat at position 15
Traceback (most recent call last):
  File "C:\Users\RST\.vscode\different-news\different_news_data\article_collector.py", line 489, in main
    collect_for_topic(cnx, t, deadline_ts)
  File "C:\Users\RST\.vscode\different-news\different_news_data\article_collector.py", line 381, in collect_for_topic
    articles = pull_feeds()
               ^^^^^^^^^^^^
  File "C:\Users\RST\.vscode\different-news\different_news_data\article_collector.py", line 296, in pull_feeds
    title = clean_title_for_source(raw_title, f.source_domain)
            ^^^^^^^^^^^^^^^^^^^^^^^^^^^^^^^^^^^^^^^^^^^^^^^^^^
  File "C:\Users\RST\.vscode\different-news\different_news_data\article_collector.py", line 211, in clean_title_for_source
    return re.sub(r"\s*[\-\?\?]\s*????\s*$", "", title)
           ^^^^^^^^^^^^^^^^^^^^^^^^^^^^^^^^^^^^^^^^^^^^
  File "C:\Users\RST\anaconda3\envs\diffnews\Lib\re\__init__.py", line 185, in sub
    return _compile(pattern, flags).sub(repl, string, count)
           ^^^^^^^^^^^^^^^^^^^^^^^^
  File "C:\Users\RST\anaconda3\envs\diffnews\Lib\re\__init__.py", line 294, in _compile
    p = _compiler.compile(pattern, flags)
        ^^^^^^^^^^^^^^^^^^^^^^^^^^^^^^^^^
  File "C:\Users\RST\anaconda3\envs\diffnews\Lib\re\_compiler.py", line 745, in compile
    p = _parser.parse(p, flags)
        ^^^^^^^^^^^^^^^^^^^^^^^
  File "C:\Users\RST\anaconda3\envs\diffnews\Lib\re\_parser.py", line 989, in parse
    p = _parse_sub(source, state, flags & SRE_FLAG_VERBOSE, 0)
        ^^^^^^^^^^^^^^^^^^^^^^^^^^^^^^^^^^^^^^^^^^^^^^^^^^^^^^
  File "C:\Users\RST\anaconda3\envs\diffnews\Lib\re\_parser.py", line 464, in _parse_sub
    itemsappend(_parse(source, state, verbose, nested + 1,
                ^^^^^^^^^^^^^^^^^^^^^^^^^^^^^^^^^^^^^^^^^^
  File "C:\Users\RST\anaconda3\envs\diffnews\Lib\re\_parser.py", line 694, in _parse
    raise source.error("multiple repeat",
re.error: multiple repeat at position 15
2025-09-26 09:24:04,257 [INFO] All done in 14.2s
2025-09-26 09:28:32,767 [INFO] --- Article Collector (final) ---
2025-09-26 09:28:32,806 [INFO] DB connected.
2025-09-26 09:28:32,808 [INFO] ‚ñ∂ Collect for topic #22 'Ï†ïÏ≤≠Îûò'
2025-09-26 09:28:47,503 [INFO] Use pytorch device_name: cpu
2025-09-26 09:28:47,503 [INFO] Load pretrained SentenceTransformer: intfloat/multilingual-e5-base
2025-09-26 09:29:13,588 [INFO]   ‚Ü≥ Existing: L=5, R=7. Needed: L=5, R=3
2025-09-26 09:29:14,737 [INFO] ‚úì Topic #22 done: LEFT 5 / RIGHT 3 (scanned 9)
2025-09-26 09:29:14,739 [INFO] All done in 42.0s
2025-09-26 09:51:40,494 [INFO] --- Article Collector (final) ---
2025-09-26 09:51:40,562 [INFO] DB connected.
2025-09-26 09:51:40,565 [INFO] ‚ñ∂ Collect for topic #22 'Ï†ïÏ≤≠Îûò'
2025-09-26 09:51:58,244 [INFO] Use pytorch device_name: cpu
2025-09-26 09:51:58,244 [INFO] Load pretrained SentenceTransformer: intfloat/multilingual-e5-base
2025-09-26 09:52:23,908 [INFO]   ‚Ü≥ Existing: L=8, R=10. Needed: L=2, R=0
2025-09-26 09:52:24,192 [INFO] ‚úì Topic #22 done: LEFT 2 / RIGHT 0 (scanned 3)
2025-09-26 09:52:24,196 [INFO] All done in 43.7s
2025-09-26 09:53:22,267 [INFO] --- Article Collector (final) ---
2025-09-26 09:53:22,298 [INFO] DB connected.
2025-09-26 09:53:22,304 [INFO] ‚ñ∂ Collect for topic #22 'Ï†ïÏ≤≠Îûò'
2025-09-26 09:53:34,820 [INFO] Use pytorch device_name: cpu
2025-09-26 09:53:34,820 [INFO] Load pretrained SentenceTransformer: intfloat/multilingual-e5-base
2025-09-26 09:54:00,363 [INFO]   ‚Ü≥ Existing: L=7, R=10. Needed: L=3, R=0
2025-09-26 09:54:00,708 [INFO] ‚úì Topic #22 done: LEFT 3 / RIGHT 0 (scanned 8)
2025-09-26 09:54:00,710 [INFO] All done in 38.4s
2025-09-26 10:10:56,205 [INFO] --- Article Collector (final) ---
2025-09-26 10:10:56,265 [INFO] DB connected.
2025-09-26 10:10:56,268 [INFO] ‚ñ∂ Collect for topic #22 'Ï†ïÏ≤≠Îûò'
2025-09-26 10:14:52,042 [INFO] Use pytorch device_name: cpu
2025-09-26 10:14:52,042 [INFO] Load pretrained SentenceTransformer: intfloat/multilingual-e5-base
2025-09-26 10:15:17,198 [INFO]   ‚Ü≥ Existing: L=6, R=8. Needed: L=4, R=2
2025-09-26 10:15:18,335 [INFO] ‚úì Topic #22 done: LEFT 4 / RIGHT 2 (scanned 17)
2025-09-26 10:15:18,339 [INFO] All done in 262.1s
2025-09-26 10:35:29,842 [INFO] --- Article Collector (final) ---
2025-09-26 10:35:29,895 [INFO] DB connected.
2025-09-26 10:35:29,897 [INFO] ‚ñ∂ Collect for topic #22 'Ï†ïÏ≤≠Îûò'
2025-09-26 10:39:38,963 [INFO] Use pytorch device_name: cpu
2025-09-26 10:39:38,964 [INFO] Load pretrained SentenceTransformer: intfloat/multilingual-e5-base
2025-09-26 10:40:06,214 [INFO]   ‚Ü≥ Existing: L=4, R=9. Needed: L=6, R=1
2025-09-26 10:40:06,833 [INFO] ‚úì Topic #22 done: LEFT 6 / RIGHT 1 (scanned 25)
2025-09-26 10:40:06,836 [INFO] All done in 277.0s
2025-09-26 11:04:09,807 [INFO] --- Article Collector (final) ---
2025-09-26 11:04:09,878 [INFO] DB connected.
2025-09-26 11:04:09,882 [INFO] ‚ñ∂ Collect for topic #22 'Ï†ïÏ≤≠Îûò'
2025-09-26 11:04:11,224 [INFO] [Time] Hankyoreh article requires manual published_at: https://www.hani.co.kr/arti/politics/politics_general/1220881.html
2025-09-26 11:04:11,225 [INFO] [Time] Hankyoreh article requires manual published_at: https://www.hani.co.kr/arti/politics/assembly/1220880.html
2025-09-26 11:04:11,225 [INFO] [Time] Hankyoreh article requires manual published_at: https://www.hani.co.kr/arti/politics/politics_general/1220867.html
2025-09-26 11:04:11,225 [INFO] [Time] Hankyoreh article requires manual published_at: https://www.hani.co.kr/arti/politics/politics_general/1220865.html
2025-09-26 11:04:11,225 [INFO] [Time] Hankyoreh article requires manual published_at: https://www.hani.co.kr/arti/politics/bluehouse/1220860.html
2025-09-26 11:04:11,225 [INFO] [Time] Hankyoreh article requires manual published_at: https://www.hani.co.kr/arti/politics/politics_general/1220857.html
2025-09-26 11:04:11,226 [INFO] [Time] Hankyoreh article requires manual published_at: https://www.hani.co.kr/arti/politics/bluehouse/1220856.html
2025-09-26 11:04:11,226 [INFO] [Time] Hankyoreh article requires manual published_at: https://www.hani.co.kr/arti/politics/politics_general/1220854.html
2025-09-26 11:04:11,226 [INFO] [Time] Hankyoreh article requires manual published_at: https://www.hani.co.kr/arti/politics/politics_general/1220853.html
2025-09-26 11:04:11,226 [INFO] [Time] Hankyoreh article requires manual published_at: https://www.hani.co.kr/arti/politics/assembly/1220851.html
2025-09-26 11:04:11,226 [INFO] [Time] Hankyoreh article requires manual published_at: https://www.hani.co.kr/arti/politics/defense/1220844.html
2025-09-26 11:04:11,226 [INFO] [Time] Hankyoreh article requires manual published_at: https://www.hani.co.kr/arti/politics/bluehouse/1220809.html
2025-09-26 11:04:11,226 [INFO] [Time] Hankyoreh article requires manual published_at: https://www.hani.co.kr/arti/politics/bluehouse/1220808.html
2025-09-26 11:04:11,227 [INFO] [Time] Hankyoreh article requires manual published_at: https://www.hani.co.kr/arti/politics/bluehouse/1220807.html
2025-09-26 11:04:11,227 [INFO] [Time] Hankyoreh article requires manual published_at: https://www.hani.co.kr/arti/politics/politics_general/1220806.html
2025-09-26 11:04:11,227 [INFO] [Time] Hankyoreh article requires manual published_at: https://www.hani.co.kr/arti/politics/politics_general/1220805.html
2025-09-26 11:04:11,227 [INFO] [Time] Hankyoreh article requires manual published_at: https://www.hani.co.kr/arti/politics/politics_general/1220795.html
2025-09-26 11:04:11,227 [INFO] [Time] Hankyoreh article requires manual published_at: https://www.hani.co.kr/arti/politics/politics_general/1220790.html
2025-09-26 11:04:11,227 [INFO] [Time] Hankyoreh article requires manual published_at: https://www.hani.co.kr/arti/politics/politics_general/1220789.html
2025-09-26 11:04:11,227 [INFO] [Time] Hankyoreh article requires manual published_at: https://www.hani.co.kr/arti/politics/politics_general/1220788.html
2025-09-26 11:04:11,228 [INFO] [Time] Hankyoreh article requires manual published_at: https://www.hani.co.kr/arti/politics/defense/1220787.html
2025-09-26 11:04:11,228 [INFO] [Time] Hankyoreh article requires manual published_at: https://www.hani.co.kr/arti/politics/bluehouse/1220786.html
2025-09-26 11:04:11,228 [INFO] [Time] Hankyoreh article requires manual published_at: https://www.hani.co.kr/arti/politics/bluehouse/1220785.html
2025-09-26 11:04:11,228 [INFO] [Time] Hankyoreh article requires manual published_at: https://www.hani.co.kr/arti/politics/bluehouse/1220784.html
2025-09-26 11:04:11,228 [INFO] [Time] Hankyoreh article requires manual published_at: https://www.hani.co.kr/arti/politics/assembly/1220783.html
2025-09-26 11:04:11,228 [INFO] [Time] Hankyoreh article requires manual published_at: https://www.hani.co.kr/arti/politics/defense/1220782.html
2025-09-26 11:04:11,228 [INFO] [Time] Hankyoreh article requires manual published_at: https://www.hani.co.kr/arti/politics/politics_general/1220777.html
2025-09-26 11:04:11,228 [INFO] [Time] Hankyoreh article requires manual published_at: https://www.hani.co.kr/arti/politics/politics_general/1220771.html
2025-09-26 11:04:11,229 [INFO] [Time] Hankyoreh article requires manual published_at: https://www.hani.co.kr/arti/politics/politics_general/1220713.html
2025-09-26 11:04:11,517 [INFO] [Time] Hankyoreh article requires manual published_at: https://www.hani.co.kr/arti/economy/finance/1220876.html
2025-09-26 11:04:11,517 [INFO] [Time] Hankyoreh article requires manual published_at: https://www.hani.co.kr/arti/economy/biznews/1220875.html
2025-09-26 11:04:11,518 [INFO] [Time] Hankyoreh article requires manual published_at: https://www.hani.co.kr/arti/economy/economy_general/1220872.html
2025-09-26 11:04:11,518 [INFO] [Time] Hankyoreh article requires manual published_at: https://www.hani.co.kr/arti/economy/finance/1220869.html
2025-09-26 11:04:11,518 [INFO] [Time] Hankyoreh article requires manual published_at: https://www.hani.co.kr/arti/economy/biznews/1220859.html
2025-09-26 11:04:11,518 [INFO] [Time] Hankyoreh article requires manual published_at: https://www.hani.co.kr/arti/economy/biznews/1220848.html
2025-09-26 11:04:11,518 [INFO] [Time] Hankyoreh article requires manual published_at: https://www.hani.co.kr/arti/economy/biznews/1220837.html
2025-09-26 11:04:11,518 [INFO] [Time] Hankyoreh article requires manual published_at: https://www.hani.co.kr/arti/economy/biznews/1220836.html
2025-09-26 11:04:11,518 [INFO] [Time] Hankyoreh article requires manual published_at: https://www.hani.co.kr/arti/economy/finance/1220834.html
2025-09-26 11:04:11,518 [INFO] [Time] Hankyoreh article requires manual published_at: https://www.hani.co.kr/arti/economy/biznews/1220833.html
2025-09-26 11:04:11,519 [INFO] [Time] Hankyoreh article requires manual published_at: https://www.hani.co.kr/arti/economy/economy_general/1220820.html
2025-09-26 11:04:11,519 [INFO] [Time] Hankyoreh article requires manual published_at: https://www.hani.co.kr/arti/economy/economy_general/1220819.html
2025-09-26 11:04:11,519 [INFO] [Time] Hankyoreh article requires manual published_at: https://www.hani.co.kr/arti/economy/economy_general/1220775.html
2025-09-26 11:04:11,519 [INFO] [Time] Hankyoreh article requires manual published_at: https://www.hani.co.kr/arti/economy/biznews/1220751.html
2025-09-26 11:04:11,519 [INFO] [Time] Hankyoreh article requires manual published_at: https://www.hani.co.kr/arti/economy/economy_general/1220740.html
2025-09-26 11:04:11,519 [INFO] [Time] Hankyoreh article requires manual published_at: https://www.hani.co.kr/arti/economy/economy_general/1220737.html
2025-09-26 11:04:11,519 [INFO] [Time] Hankyoreh article requires manual published_at: https://www.hani.co.kr/arti/economy/finance/1220734.html
2025-09-26 11:04:11,519 [INFO] [Time] Hankyoreh article requires manual published_at: https://www.hani.co.kr/arti/economy/economy_general/1220732.html
2025-09-26 11:04:11,520 [INFO] [Time] Hankyoreh article requires manual published_at: https://www.hani.co.kr/arti/economy/property/1220731.html
2025-09-26 11:04:11,520 [INFO] [Time] Hankyoreh article requires manual published_at: https://www.hani.co.kr/arti/economy/consumer/1220725.html
2025-09-26 11:04:11,520 [INFO] [Time] Hankyoreh article requires manual published_at: https://www.hani.co.kr/arti/economy/marketing/1220724.html
2025-09-26 11:04:11,520 [INFO] [Time] Hankyoreh article requires manual published_at: https://www.hani.co.kr/arti/economy/consumer/1220722.html
2025-09-26 11:04:11,520 [INFO] [Time] Hankyoreh article requires manual published_at: https://www.hani.co.kr/arti/economy/economy_general/1220720.html
2025-09-26 11:04:11,520 [INFO] [Time] Hankyoreh article requires manual published_at: https://www.hani.co.kr/arti/economy/biznews/1220719.html
2025-09-26 11:04:11,520 [INFO] [Time] Hankyoreh article requires manual published_at: https://www.hani.co.kr/arti/economy/economy_general/1220717.html
2025-09-26 11:04:11,520 [INFO] [Time] Hankyoreh article requires manual published_at: https://www.hani.co.kr/arti/economy/biznews/1220715.html
2025-09-26 11:04:11,521 [INFO] [Time] Hankyoreh article requires manual published_at: https://www.hani.co.kr/arti/economy/biznews/1220710.html
2025-09-26 11:04:11,521 [INFO] [Time] Hankyoreh article requires manual published_at: https://www.hani.co.kr/arti/economy/biznews/1220705.html
2025-09-26 11:04:11,807 [INFO] [Time] Hankyoreh article requires manual published_at: https://www.hani.co.kr/arti/society/society_general/1220878.html
2025-09-26 11:04:11,808 [INFO] [Time] Hankyoreh article requires manual published_at: https://www.hani.co.kr/arti/society/society_general/1220877.html
2025-09-26 11:04:11,808 [INFO] [Time] Hankyoreh article requires manual published_at: https://www.hani.co.kr/arti/society/society_general/1220873.html
2025-09-26 11:04:11,808 [INFO] [Time] Hankyoreh article requires manual published_at: https://www.hani.co.kr/arti/society/society_general/1220871.html
2025-09-26 11:04:11,808 [INFO] [Time] Hankyoreh article requires manual published_at: https://www.hani.co.kr/arti/society/society_general/1220866.html
2025-09-26 11:04:11,808 [INFO] [Time] Hankyoreh article requires manual published_at: https://www.hani.co.kr/arti/society/society_general/1220858.html
2025-09-26 11:04:11,808 [INFO] [Time] Hankyoreh article requires manual published_at: https://www.hani.co.kr/arti/society/society_general/1220855.html
2025-09-26 11:04:11,809 [INFO] [Time] Hankyoreh article requires manual published_at: https://www.hani.co.kr/arti/society/society_general/1220852.html
2025-09-26 11:04:11,809 [INFO] [Time] Hankyoreh article requires manual published_at: https://www.hani.co.kr/arti/society/society_general/1220843.html
2025-09-26 11:04:11,809 [INFO] [Time] Hankyoreh article requires manual published_at: https://www.hani.co.kr/arti/society/rights/1220838.html
2025-09-26 11:04:11,809 [INFO] [Time] Hankyoreh article requires manual published_at: https://www.hani.co.kr/arti/society/environment/1220835.html
2025-09-26 11:04:11,809 [INFO] [Time] Hankyoreh article requires manual published_at: https://www.hani.co.kr/arti/society/society_general/1220812.html
2025-09-26 11:04:11,809 [INFO] [Time] Hankyoreh article requires manual published_at: https://www.hani.co.kr/arti/society/society_general/1220810.html
2025-09-26 11:04:11,809 [INFO] [Time] Hankyoreh article requires manual published_at: https://www.hani.co.kr/arti/society/society_general/1220800.html
2025-09-26 11:04:11,810 [INFO] [Time] Hankyoreh article requires manual published_at: https://www.hani.co.kr/arti/society/society_general/1220798.html
2025-09-26 11:04:11,810 [INFO] [Time] Hankyoreh article requires manual published_at: https://www.hani.co.kr/arti/society/schooling/1220797.html
2025-09-26 11:04:11,810 [INFO] [Time] Hankyoreh article requires manual published_at: https://www.hani.co.kr/arti/society/rights/1220781.html
2025-09-26 11:04:11,810 [INFO] [Time] Hankyoreh article requires manual published_at: https://www.hani.co.kr/arti/society/society_general/1220780.html
2025-09-26 11:04:11,810 [INFO] [Time] Hankyoreh article requires manual published_at: https://www.hani.co.kr/arti/society/labor/1220779.html
2025-09-26 11:04:11,810 [INFO] [Time] Hankyoreh article requires manual published_at: https://www.hani.co.kr/arti/society/environment/1220778.html
2025-09-26 11:04:11,810 [INFO] [Time] Hankyoreh article requires manual published_at: https://www.hani.co.kr/arti/society/society_general/1220773.html
2025-09-26 11:04:11,811 [INFO] [Time] Hankyoreh article requires manual published_at: https://www.hani.co.kr/arti/society/society_general/1220772.html
2025-09-26 11:04:11,811 [INFO] [Time] Hankyoreh article requires manual published_at: https://www.hani.co.kr/arti/society/schooling/1220770.html
2025-09-26 11:04:11,811 [INFO] [Time] Hankyoreh article requires manual published_at: https://www.hani.co.kr/arti/society/society_general/1220769.html
2025-09-26 11:04:11,811 [INFO] [Time] Hankyoreh article requires manual published_at: https://www.hani.co.kr/arti/society/ngo/1220765.html
2025-09-26 11:04:11,811 [INFO] [Time] Hankyoreh article requires manual published_at: https://www.hani.co.kr/arti/society/internalmove/1220764.html
2025-09-26 11:04:11,811 [INFO] [Time] Hankyoreh article requires manual published_at: https://www.hani.co.kr/arti/society/ngo/1220763.html
2025-09-26 11:04:11,811 [INFO] [Time] Hankyoreh article requires manual published_at: https://www.hani.co.kr/arti/society/ngo/1220762.html
2025-09-26 11:04:11,812 [INFO] [Time] Hankyoreh article requires manual published_at: https://www.hani.co.kr/arti/society/obituary/1220761.html
2025-09-26 11:04:12,139 [INFO] [Time] Hankyoreh article requires manual published_at: https://www.hani.co.kr/arti/culture/book/1220861.html
2025-09-26 11:04:12,139 [INFO] [Time] Hankyoreh article requires manual published_at: https://www.hani.co.kr/arti/culture/book/1220831.html
2025-09-26 11:04:12,139 [INFO] [Time] Hankyoreh article requires manual published_at: https://www.hani.co.kr/arti/culture/book/1220830.html
2025-09-26 11:04:12,139 [INFO] [Time] Hankyoreh article requires manual published_at: https://www.hani.co.kr/arti/culture/book/1220829.html
2025-09-26 11:04:12,139 [INFO] [Time] Hankyoreh article requires manual published_at: https://www.hani.co.kr/arti/culture/book/1220828.html
2025-09-26 11:04:12,139 [INFO] [Time] Hankyoreh article requires manual published_at: https://www.hani.co.kr/arti/culture/religion/1220827.html
2025-09-26 11:04:12,140 [INFO] [Time] Hankyoreh article requires manual published_at: https://www.hani.co.kr/arti/culture/book/1220818.html
2025-09-26 11:04:12,140 [INFO] [Time] Hankyoreh article requires manual published_at: https://www.hani.co.kr/arti/culture/book/1220817.html
2025-09-26 11:04:12,140 [INFO] [Time] Hankyoreh article requires manual published_at: https://www.hani.co.kr/arti/culture/book/1220816.html
2025-09-26 11:04:12,140 [INFO] [Time] Hankyoreh article requires manual published_at: https://www.hani.co.kr/arti/culture/book/1220815.html
2025-09-26 11:04:12,140 [INFO] [Time] Hankyoreh article requires manual published_at: https://www.hani.co.kr/arti/culture/book/1220814.html
2025-09-26 11:04:12,140 [INFO] [Time] Hankyoreh article requires manual published_at: https://www.hani.co.kr/arti/culture/book/1220813.html
2025-09-26 11:04:12,140 [INFO] [Time] Hankyoreh article requires manual published_at: https://www.hani.co.kr/arti/culture/book/1220811.html
2025-09-26 11:04:12,141 [INFO] [Time] Hankyoreh article requires manual published_at: https://www.hani.co.kr/arti/culture/culture_general/1220803.html
2025-09-26 11:04:12,141 [INFO] [Time] Hankyoreh article requires manual published_at: https://www.hani.co.kr/arti/culture/book/1220794.html
2025-09-26 11:04:12,141 [INFO] [Time] Hankyoreh article requires manual published_at: https://www.hani.co.kr/arti/culture/book/1220793.html
2025-09-26 11:04:12,141 [INFO] [Time] Hankyoreh article requires manual published_at: https://www.hani.co.kr/arti/culture/book/1220792.html
2025-09-26 11:04:12,141 [INFO] [Time] Hankyoreh article requires manual published_at: https://www.hani.co.kr/arti/culture/book/1220791.html
2025-09-26 11:04:12,141 [INFO] [Time] Hankyoreh article requires manual published_at: https://www.hani.co.kr/arti/culture/music/1220756.html
2025-09-26 11:04:12,141 [INFO] [Time] Hankyoreh article requires manual published_at: https://www.hani.co.kr/arti/culture/book/1220700.html
2025-09-26 11:04:12,142 [INFO] [Time] Hankyoreh article requires manual published_at: https://www.hani.co.kr/arti/culture/music/1220682.html
2025-09-26 11:04:12,142 [INFO] [Time] Hankyoreh article requires manual published_at: https://www.hani.co.kr/arti/culture/culture_general/1220566.html
2025-09-26 11:04:12,142 [INFO] [Time] Hankyoreh article requires manual published_at: https://www.hani.co.kr/arti/culture/music/1220443.html
2025-09-26 11:04:12,142 [INFO] [Time] Hankyoreh article requires manual published_at: https://www.hani.co.kr/arti/culture/culture_general/1220432.html
2025-09-26 11:04:12,142 [INFO] [Time] Hankyoreh article requires manual published_at: https://www.hani.co.kr/arti/culture/culture_general/1220384.html
2025-09-26 11:04:12,142 [INFO] [Time] Hankyoreh article requires manual published_at: https://www.hani.co.kr/arti/culture/music/1220254.html
2025-09-26 11:04:12,142 [INFO] [Time] Hankyoreh article requires manual published_at: https://www.hani.co.kr/arti/culture/music/1220236.html
2025-09-26 11:04:12,142 [INFO] [Time] Hankyoreh article requires manual published_at: https://www.hani.co.kr/arti/culture/movie/1220218.html
2025-09-26 11:04:20,464 [INFO] Use pytorch device_name: cpu
2025-09-26 11:04:20,464 [INFO] Load pretrained SentenceTransformer: intfloat/multilingual-e5-base
2025-09-26 11:04:47,616 [INFO]   ‚Ü≥ Existing: L=2, R=10. Needed: L=8, R=0
2025-09-26 11:04:48,086 [INFO] ‚úì Topic #22 done: LEFT 4 / RIGHT 0 (scanned 25)
2025-09-26 11:04:48,088 [INFO] All done in 38.3s
2025-09-26 11:18:46,716 [INFO] --- Article Collector (final) ---
2025-09-26 11:18:46,748 [INFO] DB connected.
2025-09-26 11:18:46,750 [INFO] ‚ñ∂ Collect for topic #22 'Ï†ïÏ≤≠Îûò'
2025-09-26 11:18:47,869 [INFO] [Time] Hankyoreh article requires manual published_at: https://www.hani.co.kr/arti/politics/bluehouse/1220886.html
2025-09-26 11:18:47,869 [INFO] [Time] Hankyoreh article requires manual published_at: https://www.hani.co.kr/arti/politics/politics_general/1220885.html
2025-09-26 11:18:47,869 [INFO] [Time] Hankyoreh article requires manual published_at: https://www.hani.co.kr/arti/politics/assembly/1220882.html
2025-09-26 11:18:47,869 [INFO] [Time] Hankyoreh article requires manual published_at: https://www.hani.co.kr/arti/politics/politics_general/1220881.html
2025-09-26 11:18:47,870 [INFO] [Time] Hankyoreh article requires manual published_at: https://www.hani.co.kr/arti/politics/assembly/1220880.html
2025-09-26 11:18:47,870 [INFO] [Time] Hankyoreh article requires manual published_at: https://www.hani.co.kr/arti/politics/politics_general/1220867.html
2025-09-26 11:18:47,870 [INFO] [Time] Hankyoreh article requires manual published_at: https://www.hani.co.kr/arti/politics/politics_general/1220865.html
2025-09-26 11:18:47,870 [INFO] [Time] Hankyoreh article requires manual published_at: https://www.hani.co.kr/arti/politics/bluehouse/1220860.html
2025-09-26 11:18:47,870 [INFO] [Time] Hankyoreh article requires manual published_at: https://www.hani.co.kr/arti/politics/politics_general/1220857.html
2025-09-26 11:18:47,870 [INFO] [Time] Hankyoreh article requires manual published_at: https://www.hani.co.kr/arti/politics/bluehouse/1220856.html
2025-09-26 11:18:47,870 [INFO] [Time] Hankyoreh article requires manual published_at: https://www.hani.co.kr/arti/politics/politics_general/1220854.html
2025-09-26 11:18:47,870 [INFO] [Time] Hankyoreh article requires manual published_at: https://www.hani.co.kr/arti/politics/politics_general/1220853.html
2025-09-26 11:18:47,870 [INFO] [Time] Hankyoreh article requires manual published_at: https://www.hani.co.kr/arti/politics/assembly/1220851.html
2025-09-26 11:18:47,870 [INFO] [Time] Hankyoreh article requires manual published_at: https://www.hani.co.kr/arti/politics/defense/1220844.html
2025-09-26 11:18:47,871 [INFO] [Time] Hankyoreh article requires manual published_at: https://www.hani.co.kr/arti/politics/bluehouse/1220809.html
2025-09-26 11:18:47,871 [INFO] [Time] Hankyoreh article requires manual published_at: https://www.hani.co.kr/arti/politics/bluehouse/1220808.html
2025-09-26 11:18:47,871 [INFO] [Time] Hankyoreh article requires manual published_at: https://www.hani.co.kr/arti/politics/bluehouse/1220807.html
2025-09-26 11:18:47,871 [INFO] [Time] Hankyoreh article requires manual published_at: https://www.hani.co.kr/arti/politics/politics_general/1220806.html
2025-09-26 11:18:47,871 [INFO] [Time] Hankyoreh article requires manual published_at: https://www.hani.co.kr/arti/politics/politics_general/1220805.html
2025-09-26 11:18:47,871 [INFO] [Time] Hankyoreh article requires manual published_at: https://www.hani.co.kr/arti/politics/politics_general/1220795.html
2025-09-26 11:18:47,871 [INFO] [Time] Hankyoreh article requires manual published_at: https://www.hani.co.kr/arti/politics/politics_general/1220790.html
2025-09-26 11:18:47,871 [INFO] [Time] Hankyoreh article requires manual published_at: https://www.hani.co.kr/arti/politics/politics_general/1220789.html
2025-09-26 11:18:47,871 [INFO] [Time] Hankyoreh article requires manual published_at: https://www.hani.co.kr/arti/politics/politics_general/1220788.html
2025-09-26 11:18:47,871 [INFO] [Time] Hankyoreh article requires manual published_at: https://www.hani.co.kr/arti/politics/defense/1220787.html
2025-09-26 11:18:47,872 [INFO] [Time] Hankyoreh article requires manual published_at: https://www.hani.co.kr/arti/politics/bluehouse/1220786.html
2025-09-26 11:18:47,872 [INFO] [Time] Hankyoreh article requires manual published_at: https://www.hani.co.kr/arti/politics/bluehouse/1220785.html
2025-09-26 11:18:47,872 [INFO] [Time] Hankyoreh article requires manual published_at: https://www.hani.co.kr/arti/politics/bluehouse/1220784.html
2025-09-26 11:18:47,872 [INFO] [Time] Hankyoreh article requires manual published_at: https://www.hani.co.kr/arti/politics/assembly/1220783.html
2025-09-26 11:18:47,872 [INFO] [Time] Hankyoreh article requires manual published_at: https://www.hani.co.kr/arti/politics/defense/1220782.html
2025-09-26 11:18:48,472 [INFO] [Time] Hankyoreh article requires manual published_at: https://www.hani.co.kr/arti/economy/finance/1220876.html
2025-09-26 11:18:48,473 [INFO] [Time] Hankyoreh article requires manual published_at: https://www.hani.co.kr/arti/economy/biznews/1220875.html
2025-09-26 11:18:48,473 [INFO] [Time] Hankyoreh article requires manual published_at: https://www.hani.co.kr/arti/economy/economy_general/1220872.html
2025-09-26 11:18:48,473 [INFO] [Time] Hankyoreh article requires manual published_at: https://www.hani.co.kr/arti/economy/finance/1220869.html
2025-09-26 11:18:48,473 [INFO] [Time] Hankyoreh article requires manual published_at: https://www.hani.co.kr/arti/economy/biznews/1220859.html
2025-09-26 11:18:48,473 [INFO] [Time] Hankyoreh article requires manual published_at: https://www.hani.co.kr/arti/economy/biznews/1220848.html
2025-09-26 11:18:48,473 [INFO] [Time] Hankyoreh article requires manual published_at: https://www.hani.co.kr/arti/economy/biznews/1220837.html
2025-09-26 11:18:48,473 [INFO] [Time] Hankyoreh article requires manual published_at: https://www.hani.co.kr/arti/economy/biznews/1220836.html
2025-09-26 11:18:48,473 [INFO] [Time] Hankyoreh article requires manual published_at: https://www.hani.co.kr/arti/economy/finance/1220834.html
2025-09-26 11:18:48,473 [INFO] [Time] Hankyoreh article requires manual published_at: https://www.hani.co.kr/arti/economy/biznews/1220833.html
2025-09-26 11:18:48,474 [INFO] [Time] Hankyoreh article requires manual published_at: https://www.hani.co.kr/arti/economy/economy_general/1220820.html
2025-09-26 11:18:48,474 [INFO] [Time] Hankyoreh article requires manual published_at: https://www.hani.co.kr/arti/economy/economy_general/1220819.html
2025-09-26 11:18:48,474 [INFO] [Time] Hankyoreh article requires manual published_at: https://www.hani.co.kr/arti/economy/economy_general/1220775.html
2025-09-26 11:18:48,474 [INFO] [Time] Hankyoreh article requires manual published_at: https://www.hani.co.kr/arti/economy/biznews/1220751.html
2025-09-26 11:18:48,474 [INFO] [Time] Hankyoreh article requires manual published_at: https://www.hani.co.kr/arti/economy/economy_general/1220740.html
2025-09-26 11:18:48,474 [INFO] [Time] Hankyoreh article requires manual published_at: https://www.hani.co.kr/arti/economy/economy_general/1220737.html
2025-09-26 11:18:48,474 [INFO] [Time] Hankyoreh article requires manual published_at: https://www.hani.co.kr/arti/economy/finance/1220734.html
2025-09-26 11:18:48,474 [INFO] [Time] Hankyoreh article requires manual published_at: https://www.hani.co.kr/arti/economy/economy_general/1220732.html
2025-09-26 11:18:48,474 [INFO] [Time] Hankyoreh article requires manual published_at: https://www.hani.co.kr/arti/economy/property/1220731.html
2025-09-26 11:18:48,476 [INFO] [Time] Hankyoreh article requires manual published_at: https://www.hani.co.kr/arti/economy/consumer/1220725.html
2025-09-26 11:18:48,476 [INFO] [Time] Hankyoreh article requires manual published_at: https://www.hani.co.kr/arti/economy/marketing/1220724.html
2025-09-26 11:18:48,476 [INFO] [Time] Hankyoreh article requires manual published_at: https://www.hani.co.kr/arti/economy/consumer/1220722.html
2025-09-26 11:18:48,476 [INFO] [Time] Hankyoreh article requires manual published_at: https://www.hani.co.kr/arti/economy/economy_general/1220720.html
2025-09-26 11:18:48,476 [INFO] [Time] Hankyoreh article requires manual published_at: https://www.hani.co.kr/arti/economy/biznews/1220719.html
2025-09-26 11:18:48,476 [INFO] [Time] Hankyoreh article requires manual published_at: https://www.hani.co.kr/arti/economy/economy_general/1220717.html
2025-09-26 11:18:48,476 [INFO] [Time] Hankyoreh article requires manual published_at: https://www.hani.co.kr/arti/economy/biznews/1220715.html
2025-09-26 11:18:48,476 [INFO] [Time] Hankyoreh article requires manual published_at: https://www.hani.co.kr/arti/economy/biznews/1220710.html
2025-09-26 11:18:48,476 [INFO] [Time] Hankyoreh article requires manual published_at: https://www.hani.co.kr/arti/economy/biznews/1220705.html
2025-09-26 11:18:48,834 [INFO] [Time] Hankyoreh article requires manual published_at: https://www.hani.co.kr/arti/society/society_general/1220884.html
2025-09-26 11:18:48,834 [INFO] [Time] Hankyoreh article requires manual published_at: https://www.hani.co.kr/arti/society/society_general/1220878.html
2025-09-26 11:18:48,834 [INFO] [Time] Hankyoreh article requires manual published_at: https://www.hani.co.kr/arti/society/society_general/1220877.html
2025-09-26 11:18:48,834 [INFO] [Time] Hankyoreh article requires manual published_at: https://www.hani.co.kr/arti/society/society_general/1220873.html
2025-09-26 11:18:48,834 [INFO] [Time] Hankyoreh article requires manual published_at: https://www.hani.co.kr/arti/society/society_general/1220871.html
2025-09-26 11:18:48,834 [INFO] [Time] Hankyoreh article requires manual published_at: https://www.hani.co.kr/arti/society/society_general/1220866.html
2025-09-26 11:18:48,835 [INFO] [Time] Hankyoreh article requires manual published_at: https://www.hani.co.kr/arti/society/society_general/1220858.html
2025-09-26 11:18:48,835 [INFO] [Time] Hankyoreh article requires manual published_at: https://www.hani.co.kr/arti/society/society_general/1220855.html
2025-09-26 11:18:48,835 [INFO] [Time] Hankyoreh article requires manual published_at: https://www.hani.co.kr/arti/society/society_general/1220852.html
2025-09-26 11:18:48,835 [INFO] [Time] Hankyoreh article requires manual published_at: https://www.hani.co.kr/arti/society/society_general/1220843.html
2025-09-26 11:18:48,835 [INFO] [Time] Hankyoreh article requires manual published_at: https://www.hani.co.kr/arti/society/rights/1220838.html
2025-09-26 11:18:48,835 [INFO] [Time] Hankyoreh article requires manual published_at: https://www.hani.co.kr/arti/society/environment/1220835.html
2025-09-26 11:18:48,835 [INFO] [Time] Hankyoreh article requires manual published_at: https://www.hani.co.kr/arti/society/society_general/1220812.html
2025-09-26 11:18:48,835 [INFO] [Time] Hankyoreh article requires manual published_at: https://www.hani.co.kr/arti/society/society_general/1220810.html
2025-09-26 11:18:48,836 [INFO] [Time] Hankyoreh article requires manual published_at: https://www.hani.co.kr/arti/society/society_general/1220800.html
2025-09-26 11:18:48,836 [INFO] [Time] Hankyoreh article requires manual published_at: https://www.hani.co.kr/arti/society/society_general/1220798.html
2025-09-26 11:18:48,836 [INFO] [Time] Hankyoreh article requires manual published_at: https://www.hani.co.kr/arti/society/schooling/1220797.html
2025-09-26 11:18:48,836 [INFO] [Time] Hankyoreh article requires manual published_at: https://www.hani.co.kr/arti/society/rights/1220781.html
2025-09-26 11:18:48,836 [INFO] [Time] Hankyoreh article requires manual published_at: https://www.hani.co.kr/arti/society/society_general/1220780.html
2025-09-26 11:18:48,836 [INFO] [Time] Hankyoreh article requires manual published_at: https://www.hani.co.kr/arti/society/labor/1220779.html
2025-09-26 11:18:48,836 [INFO] [Time] Hankyoreh article requires manual published_at: https://www.hani.co.kr/arti/society/environment/1220778.html
2025-09-26 11:18:48,837 [INFO] [Time] Hankyoreh article requires manual published_at: https://www.hani.co.kr/arti/society/society_general/1220773.html
2025-09-26 11:18:48,837 [INFO] [Time] Hankyoreh article requires manual published_at: https://www.hani.co.kr/arti/society/society_general/1220772.html
2025-09-26 11:18:48,837 [INFO] [Time] Hankyoreh article requires manual published_at: https://www.hani.co.kr/arti/society/schooling/1220770.html
2025-09-26 11:18:48,837 [INFO] [Time] Hankyoreh article requires manual published_at: https://www.hani.co.kr/arti/society/society_general/1220769.html
2025-09-26 11:18:48,837 [INFO] [Time] Hankyoreh article requires manual published_at: https://www.hani.co.kr/arti/society/ngo/1220765.html
2025-09-26 11:18:48,837 [INFO] [Time] Hankyoreh article requires manual published_at: https://www.hani.co.kr/arti/society/internalmove/1220764.html
2025-09-26 11:18:48,838 [INFO] [Time] Hankyoreh article requires manual published_at: https://www.hani.co.kr/arti/society/ngo/1220763.html
2025-09-26 11:18:48,838 [INFO] [Time] Hankyoreh article requires manual published_at: https://www.hani.co.kr/arti/society/ngo/1220762.html
2025-09-26 11:18:49,498 [INFO] [Time] Hankyoreh article requires manual published_at: https://www.hani.co.kr/arti/culture/book/1220861.html
2025-09-26 11:18:49,499 [INFO] [Time] Hankyoreh article requires manual published_at: https://www.hani.co.kr/arti/culture/book/1220831.html
2025-09-26 11:18:49,499 [INFO] [Time] Hankyoreh article requires manual published_at: https://www.hani.co.kr/arti/culture/book/1220830.html
2025-09-26 11:18:49,499 [INFO] [Time] Hankyoreh article requires manual published_at: https://www.hani.co.kr/arti/culture/book/1220829.html
2025-09-26 11:18:49,499 [INFO] [Time] Hankyoreh article requires manual published_at: https://www.hani.co.kr/arti/culture/book/1220828.html
2025-09-26 11:18:49,499 [INFO] [Time] Hankyoreh article requires manual published_at: https://www.hani.co.kr/arti/culture/religion/1220827.html
2025-09-26 11:18:49,499 [INFO] [Time] Hankyoreh article requires manual published_at: https://www.hani.co.kr/arti/culture/book/1220818.html
2025-09-26 11:18:49,499 [INFO] [Time] Hankyoreh article requires manual published_at: https://www.hani.co.kr/arti/culture/book/1220817.html
2025-09-26 11:18:49,499 [INFO] [Time] Hankyoreh article requires manual published_at: https://www.hani.co.kr/arti/culture/book/1220816.html
2025-09-26 11:18:49,499 [INFO] [Time] Hankyoreh article requires manual published_at: https://www.hani.co.kr/arti/culture/book/1220815.html
2025-09-26 11:18:49,499 [INFO] [Time] Hankyoreh article requires manual published_at: https://www.hani.co.kr/arti/culture/book/1220814.html
2025-09-26 11:18:49,499 [INFO] [Time] Hankyoreh article requires manual published_at: https://www.hani.co.kr/arti/culture/book/1220813.html
2025-09-26 11:18:49,500 [INFO] [Time] Hankyoreh article requires manual published_at: https://www.hani.co.kr/arti/culture/book/1220811.html
2025-09-26 11:18:49,500 [INFO] [Time] Hankyoreh article requires manual published_at: https://www.hani.co.kr/arti/culture/culture_general/1220803.html
2025-09-26 11:18:49,500 [INFO] [Time] Hankyoreh article requires manual published_at: https://www.hani.co.kr/arti/culture/book/1220794.html
2025-09-26 11:18:49,500 [INFO] [Time] Hankyoreh article requires manual published_at: https://www.hani.co.kr/arti/culture/book/1220793.html
2025-09-26 11:18:49,500 [INFO] [Time] Hankyoreh article requires manual published_at: https://www.hani.co.kr/arti/culture/book/1220792.html
2025-09-26 11:18:49,500 [INFO] [Time] Hankyoreh article requires manual published_at: https://www.hani.co.kr/arti/culture/book/1220791.html
2025-09-26 11:18:49,500 [INFO] [Time] Hankyoreh article requires manual published_at: https://www.hani.co.kr/arti/culture/music/1220756.html
2025-09-26 11:18:49,500 [INFO] [Time] Hankyoreh article requires manual published_at: https://www.hani.co.kr/arti/culture/book/1220700.html
2025-09-26 11:18:49,500 [INFO] [Time] Hankyoreh article requires manual published_at: https://www.hani.co.kr/arti/culture/music/1220682.html
2025-09-26 11:18:49,500 [INFO] [Time] Hankyoreh article requires manual published_at: https://www.hani.co.kr/arti/culture/culture_general/1220566.html
2025-09-26 11:18:49,501 [INFO] [Time] Hankyoreh article requires manual published_at: https://www.hani.co.kr/arti/culture/music/1220443.html
2025-09-26 11:18:49,501 [INFO] [Time] Hankyoreh article requires manual published_at: https://www.hani.co.kr/arti/culture/culture_general/1220432.html
2025-09-26 11:18:49,501 [INFO] [Time] Hankyoreh article requires manual published_at: https://www.hani.co.kr/arti/culture/culture_general/1220384.html
2025-09-26 11:18:49,501 [INFO] [Time] Hankyoreh article requires manual published_at: https://www.hani.co.kr/arti/culture/music/1220254.html
2025-09-26 11:18:49,501 [INFO] [Time] Hankyoreh article requires manual published_at: https://www.hani.co.kr/arti/culture/music/1220236.html
2025-09-26 11:18:49,501 [INFO] [Time] Hankyoreh article requires manual published_at: https://www.hani.co.kr/arti/culture/movie/1220218.html
2025-09-26 11:23:53,605 [INFO] --- Article Collector (final) ---
2025-09-26 11:23:53,627 [INFO] DB connected.
2025-09-26 11:23:53,629 [INFO] ‚ñ∂ Collect for topic #22 'Ï†ïÏ≤≠Îûò'
2025-09-26 11:24:04,627 [INFO] Use pytorch device_name: cpu
2025-09-26 11:24:04,628 [INFO] Load pretrained SentenceTransformer: intfloat/multilingual-e5-base
2025-09-26 11:24:28,561 [INFO]   ‚Ü≥ Existing: L=0, R=0. Needed: L=10, R=10
2025-09-26 11:24:29,747 [INFO] ‚úì Topic #22 done: LEFT 1 / RIGHT 10 (scanned 21)
2025-09-26 11:24:29,749 [INFO] All done in 36.1s
2025-09-26 11:29:02,132 [INFO] --- Article Collector (final) ---
2025-09-26 11:29:02,167 [INFO] DB connected.
2025-09-26 11:29:02,168 [INFO] ‚ñ∂ Collect for topic #22 'Ï†ïÏ≤≠Îûò'
2025-09-26 11:29:11,550 [INFO] Use pytorch device_name: cpu
2025-09-26 11:29:11,551 [INFO] Load pretrained SentenceTransformer: intfloat/multilingual-e5-base
2025-09-26 11:29:38,731 [INFO]   ‚Ü≥ Existing: L=1, R=5. Needed: L=9, R=5
2025-09-26 11:29:40,113 [INFO] ‚úì Topic #22 done: LEFT 9 / RIGHT 5 (scanned 21)
2025-09-26 11:29:40,114 [INFO] All done in 38.0s
2025-09-26 11:33:34,246 [INFO] --- Article Collector (final) ---
2025-09-26 11:33:34,268 [INFO] DB connected.
2025-09-26 11:33:34,283 [INFO] ‚ñ∂ Collect for topic #48 'Ï†ïÎ∂ÄÏ°∞ÏßÅÎ≤ï Í∞úÏ†ï'
2025-09-26 11:33:43,271 [INFO] Use pytorch device_name: cpu
2025-09-26 11:33:43,272 [INFO] Load pretrained SentenceTransformer: intfloat/multilingual-e5-base
2025-09-26 11:34:09,182 [INFO]   ‚Ü≥ Existing: L=0, R=0. Needed: L=10, R=10
2025-09-26 11:34:11,217 [INFO] ‚úì Topic #48 done: LEFT 10 / RIGHT 10 (scanned 25)
2025-09-26 11:34:11,219 [INFO] All done in 37.0s
2025-09-26 13:19:25,938 [INFO] --- Article Collector (final) ---
2025-09-26 13:19:26,011 [INFO] DB connected.
2025-09-26 13:19:26,011 [INFO] ‚ñ∂ Collect for topic #48 'Ï†ïÎ∂ÄÏ°∞ÏßÅÎ≤ï Í∞úÏ†ï'
2025-09-26 13:20:51,291 [INFO] Use pytorch device_name: cpu
2025-09-26 13:20:51,291 [INFO] Load pretrained SentenceTransformer: intfloat/multilingual-e5-base
2025-09-26 13:21:18,478 [INFO]   ‚Ü≥ Existing: L=10, R=4. Needed: L=0, R=6
2025-09-26 13:21:19,455 [INFO] ‚úì Topic #48 done: LEFT 0 / RIGHT 6 (scanned 6)
2025-09-26 13:21:19,455 [INFO] All done in 113.5s
2025-09-26 13:28:11,358 [INFO] --- Article Collector (final) ---
2025-09-26 13:28:11,390 [INFO] DB connected.
2025-09-26 13:28:11,393 [INFO] ‚ñ∂ Collect for topic #48 'Ï†ïÎ∂ÄÏ°∞ÏßÅÎ≤ï Í∞úÏ†ï'
2025-09-26 13:29:36,012 [INFO] Use pytorch device_name: cpu
2025-09-26 13:29:36,012 [INFO] Load pretrained SentenceTransformer: intfloat/multilingual-e5-base
2025-09-26 13:30:03,413 [INFO]   ‚Ü≥ Existing: L=10, R=6. Needed: L=0, R=4
2025-09-26 13:30:03,705 [INFO] ‚úì Topic #48 done: LEFT 0 / RIGHT 4 (scanned 4)
2025-09-26 13:30:03,706 [INFO] All done in 112.3s
2025-09-26 13:31:45,758 [INFO] --- Article Collector (final) ---
2025-09-26 13:31:45,789 [INFO] DB connected.
2025-09-26 13:31:45,792 [INFO] ‚ñ∂ Collect for topic #48 'Ï†ïÎ∂ÄÏ°∞ÏßÅÎ≤ï Í∞úÏ†ï'
2025-09-26 13:33:10,775 [INFO] Use pytorch device_name: cpu
2025-09-26 13:33:10,776 [INFO] Load pretrained SentenceTransformer: intfloat/multilingual-e5-base
2025-09-26 13:33:36,584 [INFO]   ‚Ü≥ Existing: L=10, R=0. Needed: L=0, R=10
2025-09-26 13:33:37,752 [INFO] ‚úì Topic #48 done: LEFT 0 / RIGHT 10 (scanned 10)
2025-09-26 13:33:37,754 [INFO] All done in 112.0s
2025-09-26 13:37:29,241 [INFO] --- Article Collector (final) ---
2025-09-26 13:37:29,279 [INFO] DB connected.
2025-09-26 13:37:29,280 [INFO] ‚ñ∂ Collect for topic #49 'ÎåÄÎØ∏Ìà¨Ïûê 3,500ÏñµÎã¨Îü¨ ‚ÄòÏÑ†Î∂à‚Äô ÎÖºÎûÄ'
2025-09-26 13:38:43,579 [INFO] Use pytorch device_name: cpu
2025-09-26 13:38:43,579 [INFO] Load pretrained SentenceTransformer: intfloat/multilingual-e5-base
2025-09-26 13:39:11,551 [INFO]   ‚Ü≥ Existing: L=0, R=0. Needed: L=10, R=10
2025-09-26 13:39:13,865 [INFO] ‚úì Topic #49 done: LEFT 10 / RIGHT 10 (scanned 23)
2025-09-26 13:39:13,867 [INFO] All done in 104.6s
2025-09-26 13:46:01,995 [INFO] --- Article Collector (final) ---
2025-09-26 13:46:02,027 [INFO] DB connected.
2025-09-26 13:46:02,027 [INFO] ‚ñ∂ Collect for topic #49 'ÎåÄÎØ∏Ìà¨Ïûê 3,500ÏñµÎã¨Îü¨ ‚ÄòÏÑ†Î∂à‚Äô ÎÖºÎûÄ'
2025-09-26 13:47:20,965 [INFO] Use pytorch device_name: cpu
2025-09-26 13:47:20,965 [INFO] Load pretrained SentenceTransformer: intfloat/multilingual-e5-base
2025-09-26 13:47:47,287 [INFO]   ‚Ü≥ Existing: L=6, R=4. Needed: L=4, R=6
2025-09-26 13:47:48,104 [INFO] ‚úì Topic #49 done: LEFT 4 / RIGHT 6 (scanned 15)
2025-09-26 13:47:48,104 [INFO] All done in 106.1s
2025-09-26 13:51:54,601 [INFO] --- Article Collector (final) ---
2025-09-26 13:51:54,637 [INFO] DB connected.
2025-09-26 13:51:54,639 [INFO] ‚ñ∂ Collect for topic #47 'Ìï¥ÌÇπ'
2025-09-26 13:53:08,848 [INFO] Use pytorch device_name: cpu
2025-09-26 13:53:08,848 [INFO] Load pretrained SentenceTransformer: intfloat/multilingual-e5-base
2025-09-26 13:53:34,045 [INFO]   ‚Ü≥ Existing: L=10, R=5. Needed: L=0, R=5
2025-09-26 13:53:34,401 [INFO] ‚úì Topic #47 done: LEFT 0 / RIGHT 5 (scanned 8)
2025-09-26 13:53:34,401 [INFO] All done in 99.8s
2025-09-26 13:55:03,414 [INFO] --- Article Collector (final) ---
2025-09-26 13:55:03,436 [INFO] DB connected.
2025-09-26 13:55:03,438 [INFO] ‚ñ∂ Collect for topic #49 'ÎåÄÎØ∏Ìà¨Ïûê 3,500ÏñµÎã¨Îü¨ ‚ÄòÏÑ†Î∂à‚Äô ÎÖºÎûÄ'
2025-09-26 13:56:15,543 [INFO] Use pytorch device_name: cpu
2025-09-26 13:56:15,543 [INFO] Load pretrained SentenceTransformer: intfloat/multilingual-e5-base
2025-09-26 13:56:43,361 [INFO]   ‚Ü≥ Existing: L=7, R=3. Needed: L=3, R=7
2025-09-26 13:56:44,310 [INFO] ‚úì Topic #49 done: LEFT 3 / RIGHT 7 (scanned 10)
2025-09-26 13:56:44,310 [INFO] All done in 100.9s
2025-09-26 13:59:25,965 [INFO] --- Article Collector (final) ---
2025-09-26 13:59:26,000 [INFO] DB connected.
2025-09-26 13:59:26,000 [INFO] ‚ñ∂ Collect for topic #49 'ÎåÄÎØ∏Ìà¨Ïûê 3,500ÏñµÎã¨Îü¨ ‚ÄòÏÑ†Î∂à‚Äô ÎÖºÎûÄ'
2025-09-26 14:00:48,810 [INFO] Use pytorch device_name: cpu
2025-09-26 14:00:48,810 [INFO] Load pretrained SentenceTransformer: intfloat/multilingual-e5-base
2025-09-26 14:01:16,489 [INFO]   ‚Ü≥ Existing: L=7, R=5. Needed: L=3, R=5
2025-09-26 14:01:17,091 [INFO] ‚úì Topic #49 done: LEFT 3 / RIGHT 5 (scanned 11)
2025-09-26 14:01:17,093 [INFO] All done in 111.1s
2025-09-26 14:04:54,676 [INFO] --- Article Collector (final) ---
2025-09-26 14:04:54,713 [INFO] DB connected.
2025-09-26 14:04:54,718 [INFO] ‚ñ∂ Collect for topic #50 'Ïú§ÏÑùÏó¥ Ï†Ñ ÎåÄÌÜµÎ†π Ïû¨Ìåê Ïû¨Í∞ú'
2025-09-26 14:06:09,458 [INFO] Use pytorch device_name: cpu
2025-09-26 14:06:09,458 [INFO] Load pretrained SentenceTransformer: intfloat/multilingual-e5-base
2025-09-26 14:06:36,193 [INFO]   ‚Ü≥ Existing: L=0, R=0. Needed: L=10, R=10
2025-09-26 14:06:38,061 [INFO] ‚úì Topic #50 done: LEFT 10 / RIGHT 10 (scanned 22)
2025-09-26 14:06:38,063 [INFO] All done in 103.4s
